Performing C++ SOURCE FILE Test CMAKE_HAVE_LIBC_PTHREAD failed with the following output:
Change Dir: /home/jorgen/projects/kmer-counting-experimentation/build/temp.linux-x86_64-cpython-39/CMakeFiles/CMakeTmp

Run Build Command(s):/usr/bin/make -f Makefile cmTC_fe5e4/fast && /usr/bin/make  -f CMakeFiles/cmTC_fe5e4.dir/build.make CMakeFiles/cmTC_fe5e4.dir/build
make[1]: Entering directory '/home/jorgen/projects/kmer-counting-experimentation/build/temp.linux-x86_64-cpython-39/CMakeFiles/CMakeTmp'
Building CXX object CMakeFiles/cmTC_fe5e4.dir/src.cxx.o
/usr/bin/c++ -DCMAKE_HAVE_LIBC_PTHREAD  -DVERSION_INFO=\'0.0.1\'  -o CMakeFiles/cmTC_fe5e4.dir/src.cxx.o -c /home/jorgen/projects/kmer-counting-experimentation/build/temp.linux-x86_64-cpython-39/CMakeFiles/CMakeTmp/src.cxx
Linking CXX executable cmTC_fe5e4
/usr/bin/cmake -E cmake_link_script CMakeFiles/cmTC_fe5e4.dir/link.txt --verbose=1
/usr/bin/c++ -DVERSION_INFO=\'0.0.1\'  CMakeFiles/cmTC_fe5e4.dir/src.cxx.o -o cmTC_fe5e4 
/usr/bin/ld: CMakeFiles/cmTC_fe5e4.dir/src.cxx.o: in function `main':
src.cxx:(.text+0x46): undefined reference to `pthread_create'
/usr/bin/ld: src.cxx:(.text+0x52): undefined reference to `pthread_detach'
/usr/bin/ld: src.cxx:(.text+0x5e): undefined reference to `pthread_cancel'
/usr/bin/ld: src.cxx:(.text+0x6f): undefined reference to `pthread_join'
collect2: error: ld returned 1 exit status
make[1]: *** [CMakeFiles/cmTC_fe5e4.dir/build.make:99: cmTC_fe5e4] Error 1
make[1]: Leaving directory '/home/jorgen/projects/kmer-counting-experimentation/build/temp.linux-x86_64-cpython-39/CMakeFiles/CMakeTmp'
make: *** [Makefile:127: cmTC_fe5e4/fast] Error 2


Source file was:
#include <pthread.h>

static void* test_func(void* data)
{
  return data;
}

int main(void)
{
  pthread_t thread;
  pthread_create(&thread, NULL, test_func, NULL);
  pthread_detach(thread);
  pthread_cancel(thread);
  pthread_join(thread, NULL);
  pthread_atfork(NULL, NULL, NULL);
  pthread_exit(NULL);

  return 0;
}

Determining if the function pthread_create exists in the pthreads failed with the following output:
Change Dir: /home/jorgen/projects/kmer-counting-experimentation/build/temp.linux-x86_64-cpython-39/CMakeFiles/CMakeTmp

Run Build Command(s):/usr/bin/make -f Makefile cmTC_e93fe/fast && /usr/bin/make  -f CMakeFiles/cmTC_e93fe.dir/build.make CMakeFiles/cmTC_e93fe.dir/build
make[1]: Entering directory '/home/jorgen/projects/kmer-counting-experimentation/build/temp.linux-x86_64-cpython-39/CMakeFiles/CMakeTmp'
Building CXX object CMakeFiles/cmTC_e93fe.dir/CheckFunctionExists.cxx.o
/usr/bin/c++   -DVERSION_INFO=\'0.0.1\' -DCHECK_FUNCTION_EXISTS=pthread_create -o CMakeFiles/cmTC_e93fe.dir/CheckFunctionExists.cxx.o -c /home/jorgen/projects/kmer-counting-experimentation/build/temp.linux-x86_64-cpython-39/CMakeFiles/CheckLibraryExists/CheckFunctionExists.cxx
Linking CXX executable cmTC_e93fe
/usr/bin/cmake -E cmake_link_script CMakeFiles/cmTC_e93fe.dir/link.txt --verbose=1
/usr/bin/c++ -DVERSION_INFO=\'0.0.1\' -DCHECK_FUNCTION_EXISTS=pthread_create CMakeFiles/cmTC_e93fe.dir/CheckFunctionExists.cxx.o -o cmTC_e93fe  -lpthreads 
/usr/bin/ld: cannot find -lpthreads
collect2: error: ld returned 1 exit status
make[1]: *** [CMakeFiles/cmTC_e93fe.dir/build.make:99: cmTC_e93fe] Error 1
make[1]: Leaving directory '/home/jorgen/projects/kmer-counting-experimentation/build/temp.linux-x86_64-cpython-39/CMakeFiles/CMakeTmp'
make: *** [Makefile:127: cmTC_e93fe/fast] Error 2



